
> aegis-align-ecoverse@1.0.0 preview:cf
> npx wrangler pages dev ./dist --compatibility-date=2026-03-12


 О“ВўГ в€©в••Г… wrangler 4.73.0
О“Г¶Г‡О“Г¶Г‡О“Г¶Г‡О“Г¶Г‡О“Г¶Г‡О“Г¶Г‡О“Г¶Г‡О“Г¶Г‡О“Г¶Г‡О“Г¶Г‡О“Г¶Г‡О“Г¶Г‡О“Г¶Г‡О“Г¶Г‡О“Г¶Г‡О“Г¶Г‡О“Г¶Г‡О“Г¶Г‡О“Г¶Г‡
No Functions. Shimming...
О“ВЈВї Parsed 172 valid redirect rules.
О“ВЈВї Parsed 4 valid header rules.
Your Worker has access to the following bindings:
Binding                                                                   Resource                  Mode
env.CF_PAGES ("1")                                                        Environment Variable      local
env.CF_PAGES_BRANCH ("master")                                            Environment Variable      local
env.CF_PAGES_COMMIT_SHA ("783f1170aabec20e401c5fe0f414194772763...")      Environment Variable      local
env.CF_PAGES_URL ("https://783f117.aegis-align-ecoverse....")             Environment Variable      local

О“Г„Г¶ Starting local server...
[wrangler:info] Ready on http://127.0.0.1:8788
_redirects modified. Re-evaluating...
О“ВЈВї Parsed 172 valid redirect rules.
О“ВЈВї Parsed 4 valid header rules.
_redirects modified. Re-evaluating...
О“ВЈВї Parsed 172 valid redirect rules.
О“ВЈВї Parsed 4 valid header rules.
_redirects modified. Re-evaluating...
О“ВЈВї Parsed 172 valid redirect rules.
О“ВЈВї Parsed 4 valid header rules.
_redirects modified. Re-evaluating...
О“ВЈВї Parsed 172 valid redirect rules.
О“ВЈВї Parsed 4 valid header rules.
_headers modified. Re-evaluating...
О“ВЈВї Parsed 172 valid redirect rules.
О“ВЈВї Parsed 4 valid header rules.
_redirects modified. Re-evaluating...
О“ВЈВї Parsed 172 valid redirect rules.
О“ВЈВї Parsed 4 valid header rules.
_headers modified. Re-evaluating...
О“ВЈВї Parsed 172 valid redirect rules.
О“ВЈВї Parsed 4 valid header rules.
_redirects modified. Re-evaluating...
